<?xml version="1.0" encoding="UTF-8"?>
<!-- Generated by org.testng.reporters.JUnitReportReporter -->
<testsuite hostname="DESKTOP-L19I1F4" failures="0" tests="2" name="org.example.tests.TestCustomersPage" time="0.513" errors="0" timestamp="2024-02-23T13:55:37 SAMT" skipped="0">
  <testcase classname="org.example.tests.TestCustomersPage" name="testSortCustomersByFirstName" time="0.186"/>
  <testcase classname="org.example.tests.TestCustomersPage" name="testDeleteCustomerByAVGLengthOfFirstName" time="0.327"/>
</testsuite> <!-- org.example.tests.TestCustomersPage -->
