<?xml version="1.0" encoding="UTF-8"?>
<!-- Generated by org.testng.reporters.JUnitReportReporter -->
<testsuite hostname="DESKTOP-L19I1F4" failures="0" tests="1" name="org.example.tests.TestAddCustomerPage" time="0.495" errors="0" timestamp="2024-02-23T13:55:37 SAMT" skipped="0">
  <testcase classname="org.example.tests.TestAddCustomerPage" name="testAddCustomer" time="0.495"/>
</testsuite> <!-- org.example.tests.TestAddCustomerPage -->
